{"timestamp":"2026-03-24T11:43:13Z","hook":"guard-writes","decision":"pass","duration_ms":6}
{"timestamp":"2026-03-24T11:43:13Z","hook":"post-edit","decision":"skip","detail":"unsupported file type: /home/emeric/code/jaunt/web/tsconfig.json","duration_ms":5}
{"timestamp":"2026-03-24T11:43:15Z","hook":"guard-writes","decision":"pass","duration_ms":8}
{"timestamp":"2026-03-24T11:43:15Z","hook":"post-edit","decision":"errors","detail":"vite.config.ts: 9 error line(s)","duration_ms":674}
{"timestamp":"2026-03-24T11:43:16Z","hook":"guard-writes","decision":"pass","duration_ms":7}
{"timestamp":"2026-03-24T11:43:17Z","hook":"post-edit","decision":"errors","detail":"uno.config.ts: 9 error line(s)","duration_ms":665}
{"timestamp":"2026-03-24T11:43:19Z","hook":"guard-writes","decision":"pass","duration_ms":8}
{"timestamp":"2026-03-24T11:43:19Z","hook":"post-edit","decision":"skip","detail":"unsupported file type: /home/emeric/code/jaunt/web/index.html","duration_ms":7}
{"timestamp":"2026-03-24T11:43:21Z","hook":"guard-writes","decision":"pass","duration_ms":35}
{"timestamp":"2026-03-24T11:43:21Z","hook":"post-edit","decision":"skip","detail":"unsupported file type: /home/emeric/code/jaunt/web/public/manifest.json","duration_ms":8}
{"timestamp":"2026-03-24T11:43:35Z","hook":"guard-writes","decision":"pass","duration_ms":13}
{"timestamp":"2026-03-24T11:43:36Z","hook":"post-edit","decision":"errors","detail":"protocol.ts: 9 error line(s)","duration_ms":847}
{"timestamp":"2026-03-24T11:43:40Z","hook":"guard-writes","decision":"pass","duration_ms":10}
{"timestamp":"2026-03-24T11:43:41Z","hook":"post-edit","decision":"errors","detail":"profile.ts: 9 error line(s)","duration_ms":990}
{"timestamp":"2026-03-24T11:43:46Z","hook":"guard-writes","decision":"pass","duration_ms":10}
{"timestamp":"2026-03-24T11:43:50Z","hook":"guard-writes","decision":"pass","duration_ms":5}
{"timestamp":"2026-03-24T11:43:51Z","hook":"post-edit","decision":"errors","detail":"store.ts: 9 error line(s)","duration_ms":733}
{"timestamp":"2026-03-24T11:44:06Z","hook":"guard-writes","decision":"pass","duration_ms":9}
{"timestamp":"2026-03-24T11:44:07Z","hook":"post-edit","decision":"errors","detail":"cairn.ts: 9 error line(s)","duration_ms":697}
{"timestamp":"2026-03-24T11:44:12Z","hook":"guard-writes","decision":"pass","duration_ms":7}
{"timestamp":"2026-03-24T11:44:13Z","hook":"post-edit","decision":"errors","detail":"index.tsx: 9 error line(s)","duration_ms":667}
{"timestamp":"2026-03-24T11:44:20Z","hook":"guard-writes","decision":"pass","duration_ms":8}
{"timestamp":"2026-03-24T11:44:21Z","hook":"post-edit","decision":"errors","detail":"App.tsx: 9 error line(s)","duration_ms":776}
{"timestamp":"2026-03-24T11:44:40Z","hook":"guard-writes","decision":"pass","duration_ms":7}
{"timestamp":"2026-03-24T11:44:41Z","hook":"post-edit","decision":"errors","detail":"PairingScreen.tsx: 9 error line(s)","duration_ms":732}
{"timestamp":"2026-03-24T11:44:57Z","hook":"guard-writes","decision":"pass","duration_ms":8}
{"timestamp":"2026-03-24T11:44:57Z","hook":"post-edit","decision":"errors","detail":"SessionList.tsx: 9 error line(s)","duration_ms":635}
{"timestamp":"2026-03-24T11:45:15Z","hook":"guard-writes","decision":"pass","duration_ms":5}
{"timestamp":"2026-03-24T11:45:16Z","hook":"post-edit","decision":"errors","detail":"Terminal.tsx: 9 error line(s)","duration_ms":682}
{"timestamp":"2026-03-24T11:45:37Z","hook":"guard-writes","decision":"pass","duration_ms":8}
{"timestamp":"2026-03-24T11:45:38Z","hook":"post-edit","decision":"errors","detail":"FileBrowser.tsx: 9 error line(s)","duration_ms":611}
{"timestamp":"2026-03-24T11:45:57Z","hook":"guard-writes","decision":"pass","duration_ms":11}
{"timestamp":"2026-03-24T11:45:57Z","hook":"post-edit","decision":"errors","detail":"Settings.tsx: 9 error line(s)","duration_ms":669}
{"timestamp":"2026-03-24T11:46:00Z","hook":"guard-writes","decision":"pass","duration_ms":5}
{"timestamp":"2026-03-24T11:46:01Z","hook":"post-edit","decision":"errors","detail":"StatusBar.tsx: 9 error line(s)","duration_ms":624}
{"timestamp":"2026-03-24T11:46:49Z","hook":"failure-tracker","decision":"track","detail":"count=1 sig=Exit code ","duration_ms":11}
{"timestamp":"2026-03-24T11:46:55Z","hook":"failure-tracker","decision":"track","detail":"count=1 sig=Exit code ","duration_ms":9}
{"timestamp":"2026-03-24T11:47:25Z","hook":"guard-writes","decision":"pass","duration_ms":6}
{"timestamp":"2026-03-24T11:47:27Z","hook":"post-edit","decision":"errors","detail":"vite.config.ts: 19 error line(s)","duration_ms":1711}
{"timestamp":"2026-03-24T11:47:33Z","hook":"failure-tracker","decision":"track","detail":"count=1 sig=Exit code ","duration_ms":10}
{"timestamp":"2026-03-24T11:47:46Z","hook":"guard-writes","decision":"pass","duration_ms":6}
{"timestamp":"2026-03-24T11:47:48Z","hook":"post-edit","decision":"errors","detail":"vite.config.ts: 19 error line(s)","duration_ms":1674}
{"timestamp":"2026-03-24T11:48:02Z","hook":"task-gate","decision":"skip","duration_ms":5}
{"timestamp":"2026-03-24T11:48:15Z","hook":"guard-writes","decision":"pass","duration_ms":5}
{"timestamp":"2026-03-24T11:48:15Z","hook":"post-edit","decision":"skip","detail":"unsupported file type: /home/emeric/code/jaunt/tauri/src-tauri/Cargo.toml","duration_ms":7}
{"timestamp":"2026-03-24T11:48:15Z","hook":"guard-writes","decision":"pass","duration_ms":7}
{"timestamp":"2026-03-24T11:48:15Z","hook":"post-edit","decision":"skip","detail":"rust files use LSP","duration_ms":6}
{"timestamp":"2026-03-24T11:48:20Z","hook":"guard-writes","decision":"pass","duration_ms":5}
{"timestamp":"2026-03-24T11:48:20Z","hook":"post-edit","decision":"skip","detail":"unsupported file type: /home/emeric/code/jaunt/tauri/src-tauri/tauri.conf.json","duration_ms":7}
{"timestamp":"2026-03-24T11:48:30Z","hook":"guard-writes","decision":"pass","duration_ms":6}
{"timestamp":"2026-03-24T11:48:30Z","hook":"post-edit","decision":"skip","detail":"rust files use LSP","duration_ms":10}
{"timestamp":"2026-03-24T11:48:48Z","hook":"guard-writes","decision":"pass","duration_ms":12}
{"timestamp":"2026-03-24T11:48:48Z","hook":"post-edit","decision":"skip","detail":"rust files use LSP","duration_ms":6}
{"timestamp":"2026-03-24T11:48:49Z","hook":"guard-writes","decision":"pass","duration_ms":8}
{"timestamp":"2026-03-24T11:48:49Z","hook":"post-edit","decision":"skip","detail":"rust files use LSP","duration_ms":10}
{"timestamp":"2026-03-24T11:48:53Z","hook":"task-gate","decision":"skip","duration_ms":8}
{"timestamp":"2026-03-24T11:49:06Z","hook":"guard-writes","decision":"pass","duration_ms":11}
{"timestamp":"2026-03-24T11:49:06Z","hook":"post-edit","decision":"skip","detail":"unsupported file type: /home/emeric/code/jaunt/.github/workflows/web.yml","duration_ms":6}
{"timestamp":"2026-03-24T11:49:16Z","hook":"guard-writes","decision":"pass","duration_ms":7}
{"timestamp":"2026-03-24T11:49:16Z","hook":"post-edit","decision":"skip","detail":"unsupported file type: /home/emeric/code/jaunt/.gitignore","duration_ms":6}
{"timestamp":"2026-03-24T11:49:27Z","hook":"guard-writes","decision":"pass","duration_ms":7}
{"timestamp":"2026-03-24T11:49:27Z","hook":"post-edit","decision":"skip","detail":"unsupported file type: /home/emeric/code/jaunt/README.md","duration_ms":4}
{"timestamp":"2026-03-24T11:49:40Z","hook":"guard-writes","decision":"pass","duration_ms":6}
{"timestamp":"2026-03-24T11:49:40Z","hook":"post-edit","decision":"skip","detail":"unsupported file type: /home/emeric/code/jaunt/README.md","duration_ms":5}
{"timestamp":"2026-03-24T11:49:44Z","hook":"task-gate","decision":"skip","duration_ms":5}
{"timestamp":"2026-03-24T11:49:51Z","hook":"failure-tracker","decision":"track","detail":"count=1 sig=Exit code ","duration_ms":14}
{"timestamp":"2026-03-24T11:50:15Z","hook":"failure-tracker","decision":"track","detail":"count=1 sig=Exit code ","duration_ms":13}
{"timestamp":"2026-03-24T12:32:26Z","hook":"guard-writes","decision":"pass","duration_ms":9}
{"timestamp":"2026-03-24T12:32:27Z","hook":"post-edit","decision":"errors","detail":"SessionList.tsx: 7 error line(s)","duration_ms":1716}
{"timestamp":"2026-03-24T12:32:33Z","hook":"guard-writes","decision":"pass","duration_ms":10}
{"timestamp":"2026-03-24T12:32:35Z","hook":"post-edit","decision":"errors","detail":"SessionList.tsx: 19 error line(s)","duration_ms":2335}
{"timestamp":"2026-03-25T08:08:38Z","hook":"failure-tracker","decision":"track","detail":"count=0 sig=Exit code ","duration_ms":12}
{"timestamp":"2026-03-25T17:14:26Z","hook":"guard-writes","decision":"pass","duration_ms":10}
{"timestamp":"2026-03-25T17:14:27Z","hook":"post-edit","decision":"errors","detail":"cairn.ts: 19 error line(s)","duration_ms":1652}
{"timestamp":"2026-03-25T17:16:04Z","hook":"guard-writes","decision":"pass","duration_ms":5}
{"timestamp":"2026-03-25T17:16:05Z","hook":"post-edit","decision":"errors","detail":"cairn.ts: 19 error line(s)","duration_ms":1485}
{"timestamp":"2026-03-25T19:02:26Z","hook":"guard-writes","decision":"pass","duration_ms":7}
{"timestamp":"2026-03-25T19:02:28Z","hook":"post-edit","decision":"clean","duration_ms":1739}
{"timestamp":"2026-03-25T19:05:09Z","hook":"guard-writes","decision":"pass","duration_ms":5}
{"timestamp":"2026-03-25T19:05:11Z","hook":"post-edit","decision":"clean","duration_ms":1415}
{"timestamp":"2026-03-25T20:08:50Z","hook":"guard-writes","decision":"pass","duration_ms":6}
{"timestamp":"2026-03-25T20:08:51Z","hook":"post-edit","decision":"clean","duration_ms":1691}
{"timestamp":"2026-03-25T20:12:52Z","hook":"guard-writes","decision":"pass","duration_ms":8}
{"timestamp":"2026-03-25T20:12:54Z","hook":"post-edit","decision":"clean","duration_ms":1342}
{"timestamp":"2026-03-25T20:13:43Z","hook":"guard-writes","decision":"pass","duration_ms":7}
{"timestamp":"2026-03-25T20:13:43Z","hook":"post-edit","decision":"skip","detail":"rust files use LSP","duration_ms":5}
{"timestamp":"2026-03-25T20:14:07Z","hook":"guard-writes","decision":"pass","duration_ms":6}
{"timestamp":"2026-03-25T20:14:07Z","hook":"post-edit","decision":"skip","detail":"rust files use LSP","duration_ms":5}
{"timestamp":"2026-03-25T20:14:23Z","hook":"guard-writes","decision":"pass","duration_ms":5}
{"timestamp":"2026-03-25T20:14:23Z","hook":"post-edit","decision":"skip","detail":"rust files use LSP","duration_ms":5}
{"timestamp":"2026-03-25T20:15:11Z","hook":"guard-writes","decision":"pass","duration_ms":5}
{"timestamp":"2026-03-25T20:15:12Z","hook":"post-edit","decision":"clean","duration_ms":1352}
{"timestamp":"2026-03-25T20:15:33Z","hook":"guard-writes","decision":"pass","duration_ms":9}
{"timestamp":"2026-03-25T20:15:34Z","hook":"post-edit","decision":"clean","duration_ms":1358}
{"timestamp":"2026-03-25T20:16:01Z","hook":"guard-writes","decision":"pass","duration_ms":8}
{"timestamp":"2026-03-25T20:16:02Z","hook":"post-edit","decision":"clean","duration_ms":1455}
{"timestamp":"2026-03-25T20:16:37Z","hook":"guard-writes","decision":"pass","duration_ms":7}
{"timestamp":"2026-03-25T20:16:37Z","hook":"post-edit","decision":"skip","detail":"unsupported file type: /home/emeric/code/jaunt/crates/jaunt-host/Cargo.toml","duration_ms":6}
{"timestamp":"2026-03-25T20:17:14Z","hook":"guard-writes","decision":"pass","duration_ms":9}
{"timestamp":"2026-03-25T20:17:14Z","hook":"post-edit","decision":"skip","detail":"rust files use LSP","duration_ms":6}
{"timestamp":"2026-03-25T20:17:35Z","hook":"guard-writes","decision":"pass","duration_ms":8}
{"timestamp":"2026-03-25T20:17:35Z","hook":"post-edit","decision":"skip","detail":"rust files use LSP","duration_ms":6}
{"timestamp":"2026-03-25T20:17:58Z","hook":"guard-writes","decision":"pass","duration_ms":8}
{"timestamp":"2026-03-25T20:17:58Z","hook":"post-edit","decision":"skip","detail":"rust files use LSP","duration_ms":5}
{"timestamp":"2026-03-25T20:18:26Z","hook":"guard-writes","decision":"pass","duration_ms":8}
{"timestamp":"2026-03-25T20:18:27Z","hook":"post-edit","decision":"skip","detail":"rust files use LSP","duration_ms":5}
{"timestamp":"2026-03-25T20:19:15Z","hook":"guard-writes","decision":"pass","duration_ms":9}
{"timestamp":"2026-03-25T20:19:16Z","hook":"post-edit","decision":"clean","duration_ms":1362}
{"timestamp":"2026-03-25T20:19:49Z","hook":"failure-tracker","decision":"track","detail":"count=1 sig=Exit code ","duration_ms":11}
{"timestamp":"2026-03-25T20:20:37Z","hook":"failure-tracker","decision":"track","detail":"count=1 sig=Exit code ","duration_ms":14}
{"timestamp":"2026-03-25T21:32:07Z","hook":"failure-tracker","decision":"track","detail":"count=1 sig=Exit code ","duration_ms":16}
{"timestamp":"2026-03-25T21:32:18Z","hook":"failure-tracker","decision":"track","detail":"count=1 sig=Exit code ","duration_ms":14}
{"timestamp":"2026-03-25T21:34:31Z","hook":"guard-writes","decision":"pass","duration_ms":14}
{"timestamp":"2026-03-25T21:34:34Z","hook":"post-edit","decision":"clean","duration_ms":2648}
{"timestamp":"2026-03-25T21:34:55Z","hook":"guard-writes","decision":"pass","duration_ms":10}
{"timestamp":"2026-03-25T21:34:58Z","hook":"post-edit","decision":"clean","duration_ms":2474}
{"timestamp":"2026-03-25T21:35:26Z","hook":"guard-writes","decision":"pass","duration_ms":12}
{"timestamp":"2026-03-25T21:35:28Z","hook":"post-edit","decision":"clean","duration_ms":2647}
{"timestamp":"2026-03-25T21:36:41Z","hook":"guard-writes","decision":"pass","duration_ms":9}
{"timestamp":"2026-03-25T21:36:44Z","hook":"post-edit","decision":"clean","duration_ms":2637}
{"timestamp":"2026-03-25T21:37:02Z","hook":"guard-writes","decision":"pass","duration_ms":10}
{"timestamp":"2026-03-25T21:37:04Z","hook":"post-edit","decision":"clean","duration_ms":2402}
{"timestamp":"2026-03-25T21:40:14Z","hook":"failure-tracker","decision":"track","detail":"count=1 sig=Exit code ","duration_ms":12}
{"timestamp":"2026-03-25T21:40:24Z","hook":"failure-tracker","decision":"track","detail":"count=1 sig=Exit code ","duration_ms":23}
{"timestamp":"2026-03-25T21:42:11Z","hook":"failure-tracker","decision":"track","detail":"count=1 sig=Exit code ","duration_ms":29}
{"timestamp":"2026-03-25T21:42:39Z","hook":"failure-tracker","decision":"track","detail":"count=1 sig=Exit code ","duration_ms":15}
{"timestamp":"2026-03-25T21:45:03Z","hook":"guard-writes","decision":"pass","duration_ms":12}
{"timestamp":"2026-03-25T21:45:05Z","hook":"post-edit","decision":"clean","duration_ms":2310}
{"timestamp":"2026-03-25T21:45:32Z","hook":"guard-writes","decision":"pass","duration_ms":10}
{"timestamp":"2026-03-25T21:45:35Z","hook":"post-edit","decision":"clean","duration_ms":2598}
{"timestamp":"2026-03-25T21:45:48Z","hook":"guard-writes","decision":"pass","duration_ms":9}
{"timestamp":"2026-03-25T21:45:50Z","hook":"post-edit","decision":"clean","duration_ms":2521}
{"timestamp":"2026-03-25T21:48:34Z","hook":"failure-tracker","decision":"track","detail":"count=1 sig=Exit code ","duration_ms":14}
{"timestamp":"2026-03-26T20:44:17Z","hook":"stop-gate","decision":"skip","detail":"no verification command found","duration_ms":9}
{"timestamp":"2026-03-26T20:46:31Z","hook":"classify-prompt","decision":"medium","duration_ms":19}
{"timestamp":"2026-03-26T20:47:09Z","hook":"guard-writes","decision":"pass","duration_ms":8}
{"timestamp":"2026-03-26T20:47:09Z","hook":"post-edit","decision":"skip","detail":"unsupported file type: /home/emeric/.config/jaunt/config.toml","duration_ms":5}
{"timestamp":"2026-03-26T20:47:27Z","hook":"guard-writes","decision":"pass","duration_ms":6}
{"timestamp":"2026-03-26T20:47:27Z","hook":"post-edit","decision":"skip","detail":"rust files use LSP","duration_ms":17}
{"timestamp":"2026-03-26T20:49:47Z","hook":"guard-writes","decision":"pass","duration_ms":10}
{"timestamp":"2026-03-26T20:49:49Z","hook":"post-edit","decision":"errors","detail":"PairingScreen.tsx: 19 error line(s)","duration_ms":1667}
{"timestamp":"2026-03-26T20:53:20Z","hook":"stop-gate","decision":"skip","detail":"no verification command found","duration_ms":9}
{"timestamp":"2026-03-26T20:54:22Z","hook":"classify-prompt","decision":"massive","duration_ms":15}
{"timestamp":"2026-03-26T20:55:00Z","hook":"guard-writes","decision":"pass","duration_ms":7}
{"timestamp":"2026-03-26T20:55:00Z","hook":"post-edit","decision":"skip","detail":"unsupported file type: /home/emeric/code/cairn/packages/ts/cairn-p2p/package.json","duration_ms":5}
{"timestamp":"2026-03-26T21:04:55Z","hook":"stop-gate","decision":"skip","detail":"no verification command found","duration_ms":11}
{"timestamp":"2026-03-26T21:05:45Z","hook":"classify-prompt","decision":"simple","duration_ms":19}
{"timestamp":"2026-03-26T21:06:08Z","hook":"guard-writes","decision":"pass","duration_ms":14}
{"timestamp":"2026-03-26T21:06:08Z","hook":"post-edit","decision":"skip","detail":"rust files use LSP","duration_ms":5}
{"timestamp":"2026-03-26T21:18:33Z","hook":"stop-gate","decision":"skip","detail":"no verification command found","duration_ms":9}
{"timestamp":"2026-03-26T21:19:33Z","hook":"notify","decision":"sent","detail":"Linux","duration_ms":22}
{"timestamp":"2026-03-26T21:24:45Z","hook":"classify-prompt","decision":"simple","duration_ms":20}
{"timestamp":"2026-03-26T21:30:35Z","hook":"guard-writes","decision":"pass","duration_ms":7}
{"timestamp":"2026-03-26T21:30:35Z","hook":"post-edit","decision":"skip","detail":"rust files use LSP","duration_ms":6}
{"timestamp":"2026-03-26T22:21:13Z","hook":"guard-writes","decision":"pass","duration_ms":12}
{"timestamp":"2026-03-26T22:21:14Z","hook":"post-edit","decision":"skip","detail":"unsupported file type: /home/emeric/code/jaunt/tests/e2e-session-attach.mjs","duration_ms":6}
{"timestamp":"2026-03-26T22:21:21Z","hook":"failure-tracker","decision":"track","detail":"count=1 sig=Exit code ","duration_ms":11}
{"timestamp":"2026-03-26T22:21:28Z","hook":"guard-writes","decision":"pass","duration_ms":16}
{"timestamp":"2026-03-26T22:21:28Z","hook":"post-edit","decision":"skip","detail":"unsupported file type: /home/emeric/code/jaunt/tests/e2e-session-attach.mjs","duration_ms":4}
{"timestamp":"2026-03-26T22:21:37Z","hook":"failure-tracker","decision":"track","detail":"count=1 sig=Exit code ","duration_ms":33}
{"timestamp":"2026-03-26T22:21:47Z","hook":"guard-writes","decision":"pass","duration_ms":32}
{"timestamp":"2026-03-26T22:21:47Z","hook":"post-edit","decision":"skip","detail":"unsupported file type: /home/emeric/code/jaunt/tests/e2e-session-attach.mjs","duration_ms":5}
{"timestamp":"2026-03-26T22:21:59Z","hook":"failure-tracker","decision":"track","detail":"count=1 sig=Exit code ","duration_ms":18}
{"timestamp":"2026-03-26T22:22:08Z","hook":"guard-writes","decision":"pass","duration_ms":17}
{"timestamp":"2026-03-26T22:22:08Z","hook":"post-edit","decision":"skip","detail":"unsupported file type: /home/emeric/code/jaunt/tests/e2e-session-attach.mjs","duration_ms":5}
{"timestamp":"2026-03-26T22:22:38Z","hook":"failure-tracker","decision":"track","detail":"count=1 sig=Exit code ","duration_ms":12}
{"timestamp":"2026-03-26T22:23:02Z","hook":"guard-writes","decision":"pass","duration_ms":16}
{"timestamp":"2026-03-26T22:23:02Z","hook":"post-edit","decision":"skip","detail":"unsupported file type: /home/emeric/code/jaunt/tests/e2e-session-attach.mjs","duration_ms":5}
{"timestamp":"2026-03-26T22:23:23Z","hook":"failure-tracker","decision":"track","detail":"count=1 sig=Exit code ","duration_ms":11}
{"timestamp":"2026-03-26T22:23:41Z","hook":"guard-writes","decision":"pass","duration_ms":16}
{"timestamp":"2026-03-26T22:23:41Z","hook":"post-edit","decision":"skip","detail":"unsupported file type: /home/emeric/code/jaunt/tests/e2e-session-attach.mjs","duration_ms":5}
{"timestamp":"2026-03-26T22:23:52Z","hook":"failure-tracker","decision":"track","detail":"count=1 sig=Exit code ","duration_ms":12}
{"timestamp":"2026-03-26T22:24:03Z","hook":"guard-writes","decision":"pass","duration_ms":16}
{"timestamp":"2026-03-26T22:24:03Z","hook":"post-edit","decision":"skip","detail":"unsupported file type: /home/emeric/code/jaunt/tests/e2e-session-attach.mjs","duration_ms":6}
{"timestamp":"2026-03-26T22:24:29Z","hook":"failure-tracker","decision":"track","detail":"count=1 sig=Exit code ","duration_ms":13}
{"timestamp":"2026-03-26T22:24:54Z","hook":"guard-writes","decision":"pass","duration_ms":17}
{"timestamp":"2026-03-26T22:24:54Z","hook":"post-edit","decision":"skip","detail":"unsupported file type: /home/emeric/code/jaunt/tests/e2e-session-attach.mjs","duration_ms":5}
{"timestamp":"2026-03-26T22:25:01Z","hook":"guard-writes","decision":"pass","duration_ms":24}
{"timestamp":"2026-03-26T22:25:01Z","hook":"post-edit","decision":"skip","detail":"unsupported file type: /home/emeric/code/jaunt/tests/e2e-session-attach.mjs","duration_ms":9}
{"timestamp":"2026-03-26T22:25:42Z","hook":"failure-tracker","decision":"track","detail":"count=1 sig=Exit code ","duration_ms":12}
{"timestamp":"2026-03-26T22:26:00Z","hook":"guard-writes","decision":"pass","duration_ms":18}
{"timestamp":"2026-03-26T22:26:00Z","hook":"post-edit","decision":"skip","detail":"unsupported file type: /home/emeric/code/jaunt/tests/e2e-session-attach.mjs","duration_ms":6}
{"timestamp":"2026-03-26T23:19:13Z","hook":"guard-writes","decision":"pass","duration_ms":8}
{"timestamp":"2026-03-26T23:19:15Z","hook":"post-edit","decision":"errors","detail":"TabBar.tsx: 19 error line(s)","duration_ms":1573}
{"timestamp":"2026-03-26T23:20:03Z","hook":"guard-writes","decision":"pass","duration_ms":7}
{"timestamp":"2026-03-26T23:20:05Z","hook":"post-edit","decision":"errors","detail":"TerminalPane.tsx: 19 error line(s)","duration_ms":1526}
{"timestamp":"2026-03-26T23:20:44Z","hook":"guard-writes","decision":"pass","duration_ms":8}
{"timestamp":"2026-03-26T23:20:46Z","hook":"post-edit","decision":"errors","detail":"SessionPicker.tsx: 19 error line(s)","duration_ms":1548}
{"timestamp":"2026-03-26T23:21:19Z","hook":"guard-writes","decision":"pass","duration_ms":7}
{"timestamp":"2026-03-26T23:21:20Z","hook":"post-edit","decision":"errors","detail":"TerminalWorkspace.tsx: 19 error line(s)","duration_ms":1589}
{"timestamp":"2026-03-26T23:21:47Z","hook":"guard-writes","decision":"pass","duration_ms":10}
{"timestamp":"2026-03-26T23:21:49Z","hook":"post-edit","decision":"errors","detail":"PaneContainer.tsx: 19 error line(s)","duration_ms":1636}
{"timestamp":"2026-03-27T20:54:53Z","hook":"failure-tracker","decision":"track","detail":"count=1 sig=Exit code ","duration_ms":12}
{"timestamp":"2026-03-27T20:55:34Z","hook":"stop-gate","decision":"skip","detail":"no verification command found","duration_ms":9}
{"timestamp":"2026-03-27T20:55:34Z","hook":"classify-prompt","decision":"simple","duration_ms":11}
{"timestamp":"2026-03-27T20:55:34Z","hook":"classify-prompt","decision":"simple","duration_ms":9}
{"timestamp":"2026-03-27T20:56:12Z","hook":"stop-gate","decision":"skip","detail":"no verification command found","duration_ms":11}
{"timestamp":"2026-03-27T20:57:13Z","hook":"notify","decision":"sent","detail":"Linux","duration_ms":28}
{"timestamp":"2026-03-27T21:13:59Z","hook":"classify-prompt","decision":"simple","duration_ms":12}
{"timestamp":"2026-03-27T21:14:22Z","hook":"stop-gate","decision":"skip","detail":"no verification command found","duration_ms":9}
{"timestamp":"2026-03-27T21:14:48Z","hook":"classify-prompt","decision":"simple","duration_ms":24}
{"timestamp":"2026-03-27T21:14:58Z","hook":"failure-tracker","decision":"track","detail":"count=1 sig=Exit code ","duration_ms":13}
{"timestamp":"2026-03-27T21:15:05Z","hook":"failure-tracker","decision":"track","detail":"count=1 sig=Exit code ","duration_ms":10}
{"timestamp":"2026-03-27T21:15:32Z","hook":"stop-gate","decision":"skip","detail":"no verification command found","duration_ms":9}
{"timestamp":"2026-03-27T21:24:42Z","hook":"classify-prompt","decision":"complex","duration_ms":15}
{"timestamp":"2026-03-27T21:27:46Z","hook":"guard-writes","decision":"pass","duration_ms":6}
{"timestamp":"2026-03-27T21:27:46Z","hook":"post-edit","decision":"skip","detail":"unsupported file type: /tmp/test-reconnect.mjs","duration_ms":6}
{"timestamp":"2026-03-27T21:27:51Z","hook":"failure-tracker","decision":"track","detail":"count=1 sig=Exit code ","duration_ms":16}
{"timestamp":"2026-03-27T21:28:14Z","hook":"failure-tracker","decision":"track","detail":"count=1 sig=Exit code ","duration_ms":11}
{"timestamp":"2026-03-27T21:30:15Z","hook":"guard-writes","decision":"pass","duration_ms":10}
{"timestamp":"2026-03-27T21:30:15Z","hook":"post-edit","decision":"skip","detail":"unsupported file type: /home/emeric/code/jaunt/web/test-reconnect.mjs","duration_ms":6}
{"timestamp":"2026-03-27T21:30:24Z","hook":"failure-tracker","decision":"track","detail":"count=1 sig=Exit code ","duration_ms":12}
{"timestamp":"2026-03-27T21:31:15Z","hook":"guard-writes","decision":"pass","duration_ms":6}
{"timestamp":"2026-03-27T21:31:15Z","hook":"post-edit","decision":"skip","detail":"unsupported file type: /home/emeric/code/jaunt/web/test-seed.mjs","duration_ms":6}
{"timestamp":"2026-03-27T21:31:23Z","hook":"failure-tracker","decision":"track","detail":"count=1 sig=Exit code ","duration_ms":10}
{"timestamp":"2026-03-27T21:31:51Z","hook":"guard-writes","decision":"pass","duration_ms":7}
{"timestamp":"2026-03-27T21:31:53Z","hook":"post-edit","decision":"clean","duration_ms":1685}
{"timestamp":"2026-03-27T21:32:01Z","hook":"failure-tracker","decision":"track","detail":"count=1 sig=Exit code ","duration_ms":13}
{"timestamp":"2026-03-27T21:32:11Z","hook":"guard-writes","decision":"pass","duration_ms":7}
{"timestamp":"2026-03-27T21:32:13Z","hook":"post-edit","decision":"clean","duration_ms":1672}
{"timestamp":"2026-03-27T21:32:25Z","hook":"guard-writes","decision":"pass","duration_ms":7}
{"timestamp":"2026-03-27T21:32:27Z","hook":"post-edit","decision":"clean","duration_ms":1718}
{"timestamp":"2026-03-27T21:32:34Z","hook":"failure-tracker","decision":"track","detail":"count=1 sig=Exit code ","duration_ms":10}
